[debug] [2024-01-10T05:08:17.876Z] ----------------------------------------------------------------------
[debug] [2024-01-10T05:08:17.878Z] Command:       C:\Program Files\nodejs\node.exe C:\Users\user\AppData\Roaming\npm\node_modules\firebase-tools\lib\bin\firebase.js init hosting
[debug] [2024-01-10T05:08:17.879Z] CLI Version:   13.0.3
[debug] [2024-01-10T05:08:17.879Z] Platform:      win32
[debug] [2024-01-10T05:08:17.879Z] Node Version:  v20.10.0
[debug] [2024-01-10T05:08:17.879Z] Time:          Wed Jan 10 2024 14:08:17 GMT+0900 (대한민국 표준시)
[debug] [2024-01-10T05:08:17.879Z] ----------------------------------------------------------------------
[debug] 
[debug] [2024-01-10T05:08:17.883Z] > command requires scopes: ["email","openid","https://www.googleapis.com/auth/cloudplatformprojects.readonly","https://www.googleapis.com/auth/firebase","https://www.googleapis.com/auth/cloud-platform"]
[debug] [2024-01-10T05:08:17.884Z] > authorizing via signed-in user (hun20541@gmail.com)
[info] 
     ######## #### ########  ######## ########     ###     ######  ########
     ##        ##  ##     ## ##       ##     ##  ##   ##  ##       ##
     ######    ##  ########  ######   ########  #########  ######  ######
     ##        ##  ##    ##  ##       ##     ## ##     ##       ## ##
     ##       #### ##     ## ######## ########  ##     ##  ######  ########

You're about to initialize a Firebase project in this directory:

  C:\Users\user\Desktop\join

[info] 
=== Project Setup
[info] 
[info] First, let's associate this project directory with a Firebase project.
[info] You can create multiple project aliases by running firebase use --add, 
[info] but for now we'll just set up a default project.
[info] 
[debug] [2024-01-10T05:08:37.644Z] >>> [apiv2][query] GET https://firebase.googleapis.com/v1beta1/projects pageSize=100
[debug] [2024-01-10T05:08:38.336Z] <<< [apiv2][status] GET https://firebase.googleapis.com/v1beta1/projects 200
[debug] [2024-01-10T05:08:38.337Z] <<< [apiv2][body] GET https://firebase.googleapis.com/v1beta1/projects [omitted]
[info] i  Using project my-project-20541-406501 (My Project 20541) 
[info] 
=== Hosting Setup
[debug] [2024-01-10T05:08:49.416Z] >>> [apiv2][query] GET https://firebase.googleapis.com/v1beta1/projects/my-project-20541-406501 [none]
[debug] [2024-01-10T05:08:49.767Z] <<< [apiv2][status] GET https://firebase.googleapis.com/v1beta1/projects/my-project-20541-406501 200
[debug] [2024-01-10T05:08:49.767Z] <<< [apiv2][body] GET https://firebase.googleapis.com/v1beta1/projects/my-project-20541-406501 {"projectId":"my-project-20541-406501","projectNumber":"24126479842","displayName":"My Project 20541","name":"projects/my-project-20541-406501","resources":{"hostingSite":"my-project-20541-406501"},"state":"ACTIVE","etag":"1_ef2ee7c0-fd04-4a89-a7b1-08a935504b5b"}
[info] 
[info] Your public directory is the folder (relative to your project directory) that
[info] will contain Hosting assets to be uploaded with firebase deploy. If you
[info] have a build process for your assets, use your build's output directory.
[info] 
[debug] [2024-01-10T05:11:18.011Z] >>> [apiv2][query] GET https://www.gstatic.com/firebasejs/releases.json [none]
[debug] [2024-01-10T05:11:18.159Z] <<< [apiv2][status] GET https://www.gstatic.com/firebasejs/releases.json 200
[debug] [2024-01-10T05:11:18.159Z] <<< [apiv2][body] GET https://www.gstatic.com/firebasejs/releases.json {"current":{"version":"10.7.1","browserURL":"https://www.gstatic.com/firebasejs/10.7.1/firebase.js","packageURL":"https://www.gstatic.com/firebasejs/10.7.1/firebase.tgz"},"live":{"version":"10.7","browserURL":"https://www.gstatic.com/firebasejs/live/10.7/firebase.js","packageURL":"https://www.gstatic.com/firebasejs/live/10.7/firebase.tgz"},"components":{"analytics":"https://www.gstatic.com/firebasejs/10.7.1/firebase-analytics.js","app":"https://www.gstatic.com/firebasejs/10.7.1/firebase-app.js","app-check":"https://www.gstatic.com/firebasejs/10.7.1/firebase-app-check.js","auth":"https://www.gstatic.com/firebasejs/10.7.1/firebase-auth.js","auth/cordova":"https://www.gstatic.com/firebasejs/10.7.1/firebase-auth/cordova.js","functions":"https://www.gstatic.com/firebasejs/10.7.1/firebase-functions.js","firestore":"https://www.gstatic.com/firebasejs/10.7.1/firebase-firestore.js","firestore/lite":"https://www.gstatic.com/firebasejs/10.7.1/firebase-firestore/lite.js","installations":"https://www.gstatic.com/firebasejs/10.7.1/firebase-installations.js","storage":"https://www.gstatic.com/firebasejs/10.7.1/firebase-storage.js","performance":"https://www.gstatic.com/firebasejs/10.7.1/firebase-performance.js","remote-config":"https://www.gstatic.com/firebasejs/10.7.1/firebase-remote-config.js","messaging":"https://www.gstatic.com/firebasejs/10.7.1/firebase-messaging.js","messaging/sw":"https://www.gstatic.com/firebasejs/10.7.1/firebase-messaging/sw.js","database":"https://www.gstatic.com/firebasejs/10.7.1/firebase-database.js","firestore.memory":"https://www.gstatic.com/firebasejs/10.7.1/firebase-firestore.memory.js"}}
[info] +  Wrote public/index.html 
[info] 
[info] i  Detected a .git folder at C:\Users\user\Desktop\join 
[info] i  Authorizing with GitHub to upload your service account to a GitHub repository's secrets store. 
[info] 
[info] Visit this URL on this device to log in:
[info] https://github.com/login/oauth/authorize?client_id=89cf50f02ac6aaed3484&state=407647250&redirect_uri=http%3A%2F%2Flocalhost%3A9005&scope=read%3Auser%20repo%20public_repo
[info] 
[info] Waiting for authentication...
[debug] [2024-01-10T05:11:33.372Z] >>> [apiv2][query] POST https://github.com/login/oauth/access_token [none]
[debug] [2024-01-10T05:11:33.373Z] >>> [apiv2][body] POST https://github.com/login/oauth/access_token [stream]
[debug] [2024-01-10T05:11:33.668Z] <<< [apiv2][status] POST https://github.com/login/oauth/access_token 200
[debug] [2024-01-10T05:11:33.668Z] <<< [apiv2][body] POST https://github.com/login/oauth/access_token {"access_token":"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","token_type":"bearer","scope":"read:user,repo"}
[debug] [2024-01-10T05:11:33.678Z] >>> [apiv2][query] GET https://api.github.com/user [none]
[debug] [2024-01-10T05:11:33.978Z] <<< [apiv2][status] GET https://api.github.com/user 200
[debug] [2024-01-10T05:11:33.978Z] <<< [apiv2][body] GET https://api.github.com/user {"login":"HanGyungHun","id":153697505,"node_id":"U_kgDOCSk84Q","avatar_url":"https://avatars.githubusercontent.com/u/153697505?v=4","gravatar_id":"","url":"https://api.github.com/users/HanGyungHun","html_url":"https://github.com/HanGyungHun","followers_url":"https://api.github.com/users/HanGyungHun/followers","following_url":"https://api.github.com/users/HanGyungHun/following{/other_user}","gists_url":"https://api.github.com/users/HanGyungHun/gists{/gist_id}","starred_url":"https://api.github.com/users/HanGyungHun/starred{/owner}{/repo}","subscriptions_url":"https://api.github.com/users/HanGyungHun/subscriptions","organizations_url":"https://api.github.com/users/HanGyungHun/orgs","repos_url":"https://api.github.com/users/HanGyungHun/repos","events_url":"https://api.github.com/users/HanGyungHun/events{/privacy}","received_events_url":"https://api.github.com/users/HanGyungHun/received_events","type":"User","site_admin":false,"name":null,"company":null,"blog":"","location":null,"email":null,"hireable":null,"bio":null,"twitter_username":null,"public_repos":3,"public_gists":0,"followers":0,"following":0,"created_at":"2023-12-13T02:36:49Z","updated_at":"2023-12-13T02:36:49Z","private_gists":0,"total_private_repos":0,"owned_private_repos":0,"disk_usage":16,"collaborators":0,"two_factor_authentication":false,"plan":{"name":"free","space":976562499,"collaborators":0,"private_repos":10000}}
[info] 
[info] +  Success! Logged into GitHub as HanGyungHun 
[info] 
[debug] [2024-01-10T05:27:15.194Z] >>> [apiv2][query] GET https://api.github.com/repos//actions/secrets/public-key type=owner
[debug] [2024-01-10T05:27:15.443Z] <<< [apiv2][status] GET https://api.github.com/repos//actions/secrets/public-key 404
[debug] [2024-01-10T05:27:15.444Z] <<< [apiv2][body] GET https://api.github.com/repos//actions/secrets/public-key {"message":"Not Found","documentation_url":"https://docs.github.com/rest"}
[info] 
[info] 
[error] !  The provided authorization cannot be used with this repository. If this repository is in an organization, did you remember to grant access? 
[info] 
[info] i  Action required: Visit this URL to ensure access has been granted to the appropriate organization(s) for the Firebase CLI GitHub OAuth App: 
[info] https://github.com/settings/connections/applications/89cf50f02ac6aaed3484
[info] 
[debug] [2024-01-10T05:27:17.233Z] >>> [apiv2][query] GET https://api.github.com/repos//actions/secrets/public-key type=owner
[debug] [2024-01-10T05:27:17.452Z] <<< [apiv2][status] GET https://api.github.com/repos//actions/secrets/public-key 404
[debug] [2024-01-10T05:27:17.452Z] <<< [apiv2][body] GET https://api.github.com/repos//actions/secrets/public-key {"message":"Not Found","documentation_url":"https://docs.github.com/rest"}
[info] 
[info] 
[error] !  The provided authorization cannot be used with this repository. If this repository is in an organization, did you remember to grant access? 
[info] 
[info] i  Action required: Visit this URL to ensure access has been granted to the appropriate organization(s) for the Firebase CLI GitHub OAuth App: 
[info] https://github.com/settings/connections/applications/89cf50f02ac6aaed3484
[info] 
[debug] [2024-01-10T05:27:23.625Z] >>> [apiv2][query] GET https://api.github.com/repos/join/actions/secrets/public-key type=owner
[debug] [2024-01-10T05:27:23.882Z] <<< [apiv2][status] GET https://api.github.com/repos/join/actions/secrets/public-key 404
[debug] [2024-01-10T05:27:23.882Z] <<< [apiv2][body] GET https://api.github.com/repos/join/actions/secrets/public-key {"message":"Not Found","documentation_url":"https://docs.github.com/rest"}
[info] 
[info] 
[error] !  The provided authorization cannot be used with this repository. If this repository is in an organization, did you remember to grant access? 
[info] 
[info] i  Action required: Visit this URL to ensure access has been granted to the appropriate organization(s) for the Firebase CLI GitHub OAuth App: 
[info] https://github.com/settings/connections/applications/89cf50f02ac6aaed3484
[info] 
[debug] [2024-01-10T05:27:45.536Z] >>> [apiv2][query] GET https://api.github.com/repos/join/actions/secrets/public-key type=owner
[debug] [2024-01-10T05:27:45.776Z] <<< [apiv2][status] GET https://api.github.com/repos/join/actions/secrets/public-key 401
[debug] [2024-01-10T05:27:45.776Z] <<< [apiv2][body] GET https://api.github.com/repos/join/actions/secrets/public-key {"message":"Bad credentials","documentation_url":"https://docs.github.com/rest"}
[debug] [2024-01-10T05:27:47.234Z] >>> [apiv2][query] GET https://api.github.com/repos/join/actions/secrets/public-key type=owner
[debug] [2024-01-10T05:27:47.452Z] <<< [apiv2][status] GET https://api.github.com/repos/join/actions/secrets/public-key 401
[debug] [2024-01-10T05:27:47.452Z] <<< [apiv2][body] GET https://api.github.com/repos/join/actions/secrets/public-key {"message":"Bad credentials","documentation_url":"https://docs.github.com/rest"}
[debug] [2024-01-10T05:27:47.575Z] >>> [apiv2][query] GET https://api.github.com/repos/join/actions/secrets/public-key type=owner
[debug] [2024-01-10T05:27:47.804Z] <<< [apiv2][status] GET https://api.github.com/repos/join/actions/secrets/public-key 401
[debug] [2024-01-10T05:27:47.805Z] <<< [apiv2][body] GET https://api.github.com/repos/join/actions/secrets/public-key {"message":"Bad credentials","documentation_url":"https://docs.github.com/rest"}
